This is pdfTeX, Version 3.1415926-2.3-1.40.12 (TeX Live 2011) (format=latex 2011.7.3)  27 FEB 2013 09:51
entering extended mode
 restricted \write18 enabled.
 file:line:error style messages enabled.
 %&-line parsing enabled.
**becca_users_guide.tex
(./becca_users_guide.tex
LaTeX2e <2009/09/24>
Babel <v3.8l> and hyphenation patterns for english, dumylang, nohyphenation, ge
rman-x-2009-06-19, ngerman-x-2009-06-19, afrikaans, ancientgreek, ibycus, arabi
c, armenian, basque, bulgarian, catalan, pinyin, coptic, croatian, czech, danis
h, dutch, ukenglish, usenglishmax, esperanto, estonian, ethiopic, farsi, finnis
h, french, galician, german, ngerman, swissgerman, monogreek, greek, hungarian,
 icelandic, assamese, bengali, gujarati, hindi, kannada, malayalam, marathi, or
iya, panjabi, tamil, telugu, indonesian, interlingua, irish, italian, kurmanji,
 lao, latin, latvian, lithuanian, mongolian, mongolianlmc, bokmal, nynorsk, pol
ish, portuguese, romanian, russian, sanskrit, serbian, serbianc, slovak, sloven
ian, spanish, swedish, turkish, turkmen, ukrainian, uppersorbian, welsh, loaded
.
(/usr/local/texlive/2011/texmf-dist/tex/latex/base/book.cls
Document Class: book 2007/10/19 v1.4h Standard LaTeX document class
(/usr/local/texlive/2011/texmf-dist/tex/latex/base/bk12.clo
File: bk12.clo 2007/10/19 v1.4h Standard LaTeX file (size option)
)
\c@part=\count79
\c@chapter=\count80
\c@section=\count81
\c@subsection=\count82
\c@subsubsection=\count83
\c@paragraph=\count84
\c@subparagraph=\count85
\c@figure=\count86
\c@table=\count87
\abovecaptionskip=\skip41
\belowcaptionskip=\skip42
\bibindent=\dimen102
)
(/usr/local/texlive/2011/texmf-dist/tex/latex/psnfss/times.sty
Package: times 2005/04/12 PSNFSS-v9.2a (SPQR) 
)
LaTeX Font Info:    Try loading font information for OT1+ptm on input line 4.

(/usr/local/texlive/2011/texmf-dist/tex/latex/psnfss/ot1ptm.fd
File: ot1ptm.fd 2001/06/04 font definitions for OT1/ptm.
)
(/usr/local/texlive/2011/texmf-dist/tex/latex/base/fontenc.sty
Package: fontenc 2005/09/27 v1.99g Standard LaTeX package

(/usr/local/texlive/2011/texmf-dist/tex/latex/base/t1enc.def
File: t1enc.def 2005/09/27 v1.99g Standard LaTeX file
LaTeX Font Info:    Redeclaring font encoding T1 on input line 43.
)
LaTeX Font Info:    Try loading font information for T1+ptm on input line 100.

(/usr/local/texlive/2011/texmf-dist/tex/latex/psnfss/t1ptm.fd
File: t1ptm.fd 2001/06/04 font definitions for T1/ptm.
))
(/usr/local/texlive/2011/texmf-dist/tex/latex/graphics/graphicx.sty
Package: graphicx 1999/02/16 v1.0f Enhanced LaTeX Graphics (DPC,SPQR)

(/usr/local/texlive/2011/texmf-dist/tex/latex/graphics/keyval.sty
Package: keyval 1999/03/16 v1.13 key=value parser (DPC)
\KV@toks@=\toks14
)
(/usr/local/texlive/2011/texmf-dist/tex/latex/graphics/graphics.sty
Package: graphics 2009/02/05 v1.0o Standard LaTeX Graphics (DPC,SPQR)

(/usr/local/texlive/2011/texmf-dist/tex/latex/graphics/trig.sty
Package: trig 1999/03/16 v1.09 sin cos tan (DPC)
)
(/usr/local/texlive/2011/texmf-dist/tex/latex/latexconfig/graphics.cfg
File: graphics.cfg 2010/04/23 v1.9 graphics configuration of TeX Live
)
Package graphics Info: Driver file: dvips.def on input line 91.

(/usr/local/texlive/2011/texmf-dist/tex/latex/graphics/dvips.def
File: dvips.def 1999/02/16 v3.0i Driver-dependant file (DPC,SPQR)
))
\Gin@req@height=\dimen103
\Gin@req@width=\dimen104
)
(/usr/local/texlive/2011/texmf-dist/tex/latex/tools/verbatim.sty
Package: verbatim 2003/08/22 v1.5q LaTeX2e package for verbatim enhancements
\every@verbatim=\toks15
\verbatim@line=\toks16
\verbatim@in@stream=\read1
)
(/usr/local/texlive/2011/texmf-dist/tex/latex/url/url.sty
\Urlmuskip=\muskip10
Package: url 2006/04/12  ver 3.3  Verb mode for urls, etc.
)
(./becca_users_guide.aux)
\openout1 = `becca_users_guide.aux'.

LaTeX Font Info:    Checking defaults for OML/cmm/m/it on input line 10.
LaTeX Font Info:    ... okay on input line 10.
LaTeX Font Info:    Checking defaults for T1/cmr/m/n on input line 10.
LaTeX Font Info:    ... okay on input line 10.
LaTeX Font Info:    Checking defaults for OT1/cmr/m/n on input line 10.
LaTeX Font Info:    ... okay on input line 10.
LaTeX Font Info:    Checking defaults for OMS/cmsy/m/n on input line 10.
LaTeX Font Info:    ... okay on input line 10.
LaTeX Font Info:    Checking defaults for OMX/cmex/m/n on input line 10.
LaTeX Font Info:    ... okay on input line 10.
LaTeX Font Info:    Checking defaults for U/cmr/m/n on input line 10.
LaTeX Font Info:    ... okay on input line 10.
File: figs/becca_logo.eps Graphic file (type eps)
 <figs/becca_logo.eps> [1

]
LaTeX Font Info:    Font shape `T1/ptm/bx/n' in size <24.88> not available
(Font)              Font shape `T1/ptm/b/n' tried instead on input line 37.
 (./becca_users_guide.toc)
\tf@toc=\write3
\openout3 = `becca_users_guide.toc'.


[2

]
\openout2 = `download.aux'.

 (./download.tex
Chapter 1.
LaTeX Font Info:    Font shape `T1/ptm/bx/sc' in size <24.88> not available
(Font)              Font shape `T1/ptm/b/sc' tried instead on input line 1.
LaTeX Font Info:    Font shape `T1/ptm/bx/n' in size <17.28> not available
(Font)              Font shape `T1/ptm/b/n' tried instead on input line 5.
LaTeX Font Info:    Try loading font information for T1+pcr on input line 9.
(/usr/local/texlive/2011/texmf-dist/tex/latex/psnfss/t1pcr.fd
File: t1pcr.fd 2001/06/04 font definitions for T1/pcr.
) [3


]
LaTeX Font Info:    Try loading font information for OMS+ptm on input line 27.

(/usr/local/texlive/2011/texmf-dist/tex/latex/psnfss/omsptm.fd
File: omsptm.fd 
)
LaTeX Font Info:    Font shape `OMS/ptm/m/n' in size <12> not available
(Font)              Font shape `OMS/cmsy/m/n' tried instead on input line 27.
LaTeX Font Info:    External font `cmex10' loaded for size
(Font)              <12> on input line 28.
LaTeX Font Info:    External font `cmex10' loaded for size
(Font)              <8> on input line 28.
LaTeX Font Info:    External font `cmex10' loaded for size
(Font)              <6> on input line 28.
LaTeX Font Info:    External font `cmex10' loaded for size
(Font)              <7> on input line 28.
LaTeX Font Info:    External font `cmex10' loaded for size
(Font)              <5> on input line 28.

Overfull \hbox (9.28459pt too wide) in paragraph at lines 31--32
\T1/ptm/m/n/12 32-bit Win-dows Vista, and 32-bit Win-dows 7) and IDEs/editors (
Eclipse, PyScripter,
 []

[4]) [5]
\openout2 = `world_mod.aux'.

 (./world_mod.tex
Chapter 2.
LaTeX Font Info:    Font shape `T1/ptm/bx/n' in size <12> not available
(Font)              Font shape `T1/ptm/b/n' tried instead on input line 7.

LaTeX Warning: Reference `agent_world' on page 6 undefined on input line 7.


LaTeX Warning: Citation `sutton98' on page 6 undefined on input line 7.

File: figs/agent_world.eps Graphic file (type eps)
<figs/agent_world.eps>
Overfull \hbox (1.24394pt too wide) in paragraph at lines 11--12
 [][] 
 []

[6



]
LaTeX Font Info:    Font shape `T1/ptm/bx/it' in size <17.28> not available
(Font)              Font shape `T1/ptm/b/it' tried instead on input line 26.
 [7]
Overfull \hbox (19.05257pt too wide) in paragraph at lines 47--49
\T1/ptm/m/n/12 to \T1/pcr/m/n/12 tester.py\T1/ptm/m/n/12 . Make sure all the ot
her lines be-gin-ning with \T1/pcr/m/n/12 from worlds\T1/ptm/m/n/12 ...
 []

[8]
LaTeX Font Info:    Font shape `T1/ptm/bx/n' in size <14.4> not available
(Font)              Font shape `T1/ptm/b/n' tried instead on input line 75.
LaTeX Font Info:    Font shape `T1/pcr/bx/n' in size <14.4> not available
(Font)              Font shape `T1/pcr/b/n' tried instead on input line 75.
 [9]
LaTeX Font Info:    Font shape `T1/pcr/bx/n' in size <17.28> not available
(Font)              Font shape `T1/pcr/b/n' tried instead on input line 93.
 [10] [11]
Overfull \hbox (78.57451pt too wide) in paragraph at lines 121--121
 []\T1/pcr/m/n/12 def test(world, restore=False, agent_name="test", show=True):
[] 
 []


Overfull \hbox (56.97452pt too wide) in paragraph at lines 126--126
 []    \T1/pcr/m/n/12 agent = Agent(world.num_sensors, world.num_primitives,[] 

 []


Overfull \hbox (28.17453pt too wide) in paragraph at lines 127--127
 []                  \T1/pcr/m/n/12 world.num_actions, MAX_NUM_FEATURES,[] 
 []


Overfull \hbox (49.77452pt too wide) in paragraph at lines 149--149
 []        \T1/pcr/m/n/12 sensors, primitives, reward = world.step(actions)[] 
 []


Overfull \hbox (49.77452pt too wide) in paragraph at lines 150--150
 []        \T1/pcr/m/n/12 actions = agent.step(sensors, primitives, reward)[] 
 []

[12]
Overfull \hbox (20.97453pt too wide) in paragraph at lines 161--161
 []                                \T1/pcr/m/n/12 agent.num_primitives,[] 
 []


Overfull \hbox (6.57454pt too wide) in paragraph at lines 162--162
 []                                \T1/pcr/m/n/12 agent.num_actions))[] 
 []


Overfull \hbox (6.57454pt too wide) in paragraph at lines 180--180
 []    \T1/pcr/m/n/12 cProfile.run('test(World())', 'tester_profile')[] 
 []


Overfull \hbox (71.37451pt too wide) in paragraph at lines 182--182
 []    \T1/pcr/m/n/12 p.strip_dirs().sort_stats('time', 'cum').print_stats(30)[
] 
 []

) [13]
\openout2 = `world_share.aux'.

 (./world_share.tex
Chapter 3.
[14



]
Overfull \hbox (56.39981pt too wide) in paragraph at lines 34--34
[]\T1/pcr/m/n/12 https://groups.google.com/forum/?fromgroups#!forum/becca_users
[] 
 []

[15]) [16]
\openout2 = `agent_mod.aux'.

 (./agent_mod.tex
Chapter 4.

LaTeX Warning: Reference `becca_block' on page 17 undefined on input line 7.


LaTeX Warning: Reference `perceiver_chapter' on page 17 undefined on input line
 7.


LaTeX Warning: Reference `actor_chapter' on page 17 undefined on input line 7.

File: figs/becca_0.4.5_block.eps Graphic file (type eps)
<figs/becca_0.4.5_block.eps>

LaTeX Warning: Reference `becca_block' on page 17 undefined on input line 16.

[17



]
Overfull \hbox (13.24567pt too wide) in paragraph at lines 33--34
\T1/ptm/m/n/12 states: a \T1/pcr/m/n/12 context\T1/ptm/m/n/12 , a \T1/pcr/m/n/1
2 cause\T1/ptm/m/n/12 , an \T1/pcr/m/n/12 effect\T1/ptm/m/n/12 , and an \T1/pcr
/m/n/12 effect_uncertainty\T1/ptm/m/n/12 .
 []

[18]
File: figs/grid_world_1D.eps Graphic file (type eps)
 <figs/grid_world_1D.eps>
Overfull \hbox (6.0841pt too wide) in paragraph at lines 54--55
 [][] 
 []

[19] [20]
File: figs/grid_world_2D.eps Graphic file (type eps)
 <figs/grid_world_2D.eps> [21] [22]
File: figs/image_world_1D.eps Graphic file (type eps)
 <figs/image_world_1D.eps> [23]
File: figs/image_world_2D.eps Graphic file (type eps)

<figs/image_world_2D.eps>) [24] [25]
\openout2 = `agent_share.aux'.

 (./agent_share.tex
Chapter 5.

LaTeX Warning: Reference `world_share' on page 26 undefined on input line 3.

[26



]) [27]
\openout2 = `perceiver.aux'.

 (./perceiver.tex
Appendix A.

LaTeX Warning: Reference `actor_chapter' on page 28 undefined on input line 4.


LaTeX Warning: Reference `becca_feature_extractor' on page 28 undefined on inpu
t line 6.

File: figs/becca_feature_extractor.eps Graphic file (type eps)
<figs/becca_feature_extractor.eps>

LaTeX Warning: Reference `perceiver_constants' on page 28 undefined on input li
ne 15.

[28



] [29]

LaTeX Warning: Reference `coactivity_calc' on page 30 undefined on input line 4
5.


LaTeX Warning: Reference `coactivity_def' on page 30 undefined on input line 47
.

[30] [31]

LaTeX Warning: Reference `competitive_activation' on page 32 undefined on input
 line 75.

File: figs/competitive_activation.eps Graphic file (type eps)
<figs/competitive_activation.eps>
Overfull \hbox (1.09941pt too wide) in paragraph at lines 79--80
 [][] 
 []


LaTeX Warning: Reference `feedback_calculation' on page 32 undefined on input l
ine 80.


LaTeX Warning: Reference `feedback_calculation' on page 32 undefined on input l
ine 80.

[32] [33] [34] [35]

LaTeX Warning: Reference `coactivity_update' on page 36 undefined on input line
 135.

[36]

LaTeX Warning: Reference `perceiver_constants' on page 37 undefined on input li
ne 168.

) [37]
\openout2 = `actor.aux'.

 (./actor.tex
Appendix B.

LaTeX Warning: Reference `becca_reinforcement_learner' on page 38 undefined on 
input line 4.

File: figs/becca_reinforcement_learner.eps Graphic file (type eps)
<figs/becca_reinforcement_learner.eps> [38



] [39] [40] [41] [42] [43] [44]
[45] [46] [47] [48]

LaTeX Warning: Reference `actor_constants' on page 49 undefined on input line 2
60.

) [49] [50]
\openout2 = `notation.aux'.

 (./notation.tex
Appendix C.

LaTeX Warning: Float too large for page by 5.45522pt on input line 51.

) [51



] [52]
\openout2 = `complexity.aux'.

 (./complexity.tex
Appendix D.

Overfull \hbox (5.70784pt too wide) in paragraph at lines 7--8
\T1/ptm/m/n/12 The per-time-step com-plex-ity char-ac-ter-izes how much com-pu-
ta-tional ef-fort \T1/ptm/m/sc/12 Becca
 []

[53



]

LaTeX Warning: Reference `coactivity_update' on page 54 undefined on input line
 24.

[54] [55] [56]
Overfull \hbox (5.79057pt too wide) in paragraph at lines 59--60
[]\T1/ptm/b/n/12 Multiple res-o-lu-tion rep-re-sen-ta-tion \T1/ptm/m/n/12 Sen-s
ors that rep-re-sent in-for-ma-tion, such
 []

) [57] [58]
\openout2 = `related_work.aux'.

 (./related_work.tex
Appendix E.
[59



]

LaTeX Warning: Citation `montavon11' on page 60 undefined on input line 12.


LaTeX Warning: Citation `arel10' on page 60 undefined on input line 14.


LaTeX Warning: Citation `lecun98' on page 60 undefined on input line 14.


LaTeX Warning: Citation `hinton06' on page 60 undefined on input line 14.


LaTeX Warning: Citation `fasel10b' on page 60 undefined on input line 14.


LaTeX Warning: Citation `hawkins11' on page 60 undefined on input line 14.


LaTeX Warning: Citation `arel09' on page 60 undefined on input line 14.

[60]

LaTeX Warning: Citation `sutton98' on page 61 undefined on input line 18.


LaTeX Warning: Citation `watkins92' on page 61 undefined on input line 22.


LaTeX Warning: Citation `sutton91' on page 61 undefined on input line 22.


LaTeX Warning: Citation `levinson05' on page 61 undefined on input line 22.


LaTeX Warning: Citation `mckinstry06' on page 61 undefined on input line 22.


LaTeX Warning: Citation `albus75' on page 61 undefined on input line 22.

[61]

LaTeX Warning: Citation `cuccu11' on page 62 undefined on input line 32.

[62]

LaTeX Warning: Citation `abtahi11' on page 63 undefined on input line 43.

[63]

LaTeX Warning: Citation `legenstein10' on page 64 undefined on input line 54.

[64]

LaTeX Warning: Citation `fernandez08' on page 65 undefined on input line 67.


LaTeX Warning: Citation `lange10' on page 65 undefined on input line 80.

[65]

LaTeX Warning: Citation `gisslen11' on page 66 undefined on input line 90.


LaTeX Warning: Citation `sutton98' on page 66 undefined on input line 90.

[66]

LaTeX Warning: Citation `pierce97' on page 67 undefined on input line 105.


LaTeX Warning: Citation `beeson10' on page 67 undefined on input line 105.

[67]

LaTeX Warning: Citation `choe07' on page 68 undefined on input line 113.


LaTeX Warning: Citation `sutton11' on page 68 undefined on input line 115.


LaTeX Warning: Citation `maei10' on page 68 undefined on input line 116.

) [68]
\openout2 = `biology.aux'.

 (./biology.tex
Appendix F.
[69



]) [70]
\openout2 = `contributions.aux'.

 (./contributions.tex
Appendix G.

LaTeX Warning: Citation `chapman12Code' on page 71 undefined on input line 10.

) [71



]
\openout2 = `achievements.aux'.

 (./achievements.tex
Appendix H.

LaTeX Warning: Citation `malone12b' on page 72 undefined on input line 12.


LaTeX Warning: Citation `malone12a' on page 72 undefined on input line 12.


LaTeX Warning: Citation `malone12a' on page 72 undefined on input line 16.


LaTeX Warning: Citation `faust12' on page 72 undefined on input line 18.


LaTeX Warning: Citation `seh12a' on page 72 undefined on input line 21.


LaTeX Warning: Citation `seh12b' on page 72 undefined on input line 22.


LaTeX Warning: Citation `seh12c' on page 72 undefined on input line 22.


LaTeX Warning: Citation `seh12d' on page 72 undefined on input line 22.


LaTeX Warning: Citation `seh12e' on page 72 undefined on input line 22.


LaTeX Warning: Citation `chapman12a' on page 72 undefined on input line 30.


LaTeX Warning: Citation `chapman12b' on page 72 undefined on input line 32.


LaTeX Warning: Citation `rohrer13a' on page 72 undefined on input line 37.

) [72



] [73]
\openout2 = `history.aux'.

 (./history.tex
Appendix I.

Overfull \hbox (15.21176pt too wide) in paragraph at lines 17--18
\T1/ptm/m/n/12 been fac-tored into salience cal-cu-la-tion. Per-for-mance on th
e \T1/pcr/m/n/12 grid_1D_noise
 []

[74



] [75] [76]) [77]
\openout2 = `legal.aux'.

 (./legal.tex
Appendix J.

Overfull \hbox (4.31139pt too wide) in paragraph at lines 26--33
[]\T1/ptm/m/n/12 THE SOFT-WARE IS PRO-VIDED "AS IS", WITH-OUT WAR-RANTY
 []


Overfull \hbox (14.04301pt too wide) in paragraph at lines 26--33
\T1/ptm/m/n/12 NESS FOR A PAR-TIC-U-LAR PUR-POSE AND NON-IN-FRINGE-MENT.
 []

[78



]) [79]
\openout2 = `citation.aux'.

 (./citation.tex
Appendix K.

Overfull \hbox (34.79982pt too wide) in paragraph at lines 13--13
[]  \T1/pcr/m/n/12 note =        {[Online: \url{https://github.com/matt2000/[] 

 []


Overfull \hbox (27.59982pt too wide) in paragraph at lines 22--23
\T1/pcr/m/n/12 com / matt2000 / becca / blob / 0 . 4 . 4 / doc / becca _ 0 . 4 
. 4 _ users _ guide .
 []

[80



]) [81] (./becca_users_guide.bbl
Underfull \hbox (badness 10000) in paragraph at lines 31--36
\T1/pcr/m/n/12 com / automenta / critterdroid / blob / master / src / com /
 []


Underfull \hbox (badness 10000) in paragraph at lines 31--36
\T1/pcr/m/n/12 critterdroid / bio / brain / BeccaBrain . java$\T1/ptm/m/n/12 ; 
Ac-cessed 28
 []


Underfull \hbox (badness 10000) in paragraph at lines 44--49
\T1/pcr/m/n/12 / / www . youtube . com / watch ? v = WBZYT8Sj3l4&feature =
 []

[82


]
Underfull \hbox (badness 2368) in paragraph at lines 75--80
\T1/ptm/m/n/12 ing!, 2012.  [On-line: $\T1/pcr/m/n/12 https : / / groups . goog
le . com / forum /
 []


Underfull \hbox (badness 5203) in paragraph at lines 75--80
\T1/pcr/m/n/12 ?fromgroups # !topic / becca _ users / DsOFdgcTY7A$\T1/ptm/m/n/1
2 ; Ac-cessed
 []


Underfull \hbox (badness 1057) in paragraph at lines 82--86
[]\T1/ptm/m/n/12 M. Chap-man.  LA Robotics Club Meetup: BECCA Tu-to-rial, 2012.

 []

[83] [84]) [85] (./becca_users_guide.aux (./download.aux) (./world_mod.aux)
(./world_share.aux) (./agent_mod.aux) (./agent_share.aux) (./perceiver.aux)
(./actor.aux) (./notation.aux) (./complexity.aux) (./related_work.aux)
(./biology.aux) (./contributions.aux) (./achievements.aux) (./history.aux)
(./legal.aux) (./citation.aux))

LaTeX Warning: There were undefined references.


LaTeX Warning: Label(s) may have changed. Rerun to get cross-references right.

 ) 
Here is how much of TeX's memory you used:
 1194 strings out of 493634
 14534 string characters out of 3143401
 63385 words of memory out of 3000000
 4414 multiletter control sequences out of 15000+200000
 51683 words of font info for 53 fonts, out of 3000000 for 9000
 831 hyphenation exceptions out of 8191
 28i,9n,23p,2087b,304s stack positions out of 5000i,500n,10000p,200000b,50000s

Output written on becca_users_guide.dvi (85 pages, 160244 bytes).
